<?xml version="1.0" encoding="utf-8"?><testsuites name="pytest tests"><testsuite name="pytest" errors="0" failures="0" skipped="0" tests="8" time="5.972" timestamp="2025-07-20T11:05:11.946259+03:00" hostname="h-MacBook-Air-sl-hmd.local"><testcase classname="tests.test_delete.Test_Delete" name="test_delete_prediction" file="tests/test_delete.py" line="36" time="1.387" /><testcase classname="tests.test_delete.Test_Delete" name="test_detete_not_found" file="tests/test_delete.py" line="30" time="0.006" /><testcase classname="tests.test_labels.Test_labels" name="test_labels_after_prediction" file="tests/test_labels.py" line="35" time="1.742" /><testcase classname="tests.test_prediction_count.Test_Count" name="test_prediction_count_after_prediction" file="tests/test_prediction_count.py" line="32" time="0.086" /><testcase classname="tests.test_prediction_count.Test_Count" name="test_prediction_count_empty" file="tests/test_prediction_count.py" line="25" time="0.007" /><testcase classname="tests.test_prediction_time.TestProcessingTime" name="test_predict_includes_processing_time" file="tests/test_prediction_time.py" line="18" time="0.081" /><testcase classname="tests.test_stats.Test_Stats" name="test_stats_after_prediction" file="tests/test_stats.py" line="30" time="0.083" /><testcase classname="tests.test_stats.Test_Stats" name="test_stats_empty" file="tests/test_stats.py" line="22" time="0.004" /></testsuite></testsuites>